{"name":"checkSortingListOfProduct","status":"broken","statusDetails":{"known":false,"muted":false,"flaky":false,"message":"java.lang.reflect.UndeclaredThrowableException","trace":"java.lang.reflect.UndeclaredThrowableException\n\tat com.sun.proxy.$Proxy27.stream(Unknown Source)\n\tat io.qameta.atlas.webdriver.extension.ExtractMethodExtension.invoke(ExtractMethodExtension.java:35)\n\tat io.qameta.atlas.core.internal.AtlasMethodHandler.invokeWithRetry(AtlasMethodHandler.java:64)\n\tat io.qameta.atlas.core.internal.AtlasMethodHandler.invoke(AtlasMethodHandler.java:40)\n\tat com.sun.proxy.$Proxy27.extract(Unknown Source)\n\tat steps.SearchPageSteps.checkThatListOfProductsIsSortingAsExpected(SearchPageSteps.java:37)\n\tat tests.CheckWebSiteTest.checkSortingListOfProduct(CheckWebSiteTest.java:14)\n\tat java.base/jdk.internal.reflect.NativeMethodAccessorImpl.invoke0(Native Method)\n\tat java.base/jdk.internal.reflect.NativeMethodAccessorImpl.invoke(NativeMethodAccessorImpl.java:62)\n\tat java.base/jdk.internal.reflect.DelegatingMethodAccessorImpl.invoke(DelegatingMethodAccessorImpl.java:43)\n\tat java.base/java.lang.reflect.Method.invoke(Method.java:564)\n\tat org.testng.internal.MethodInvocationHelper.invokeMethod(MethodInvocationHelper.java:133)\n\tat org.testng.internal.TestInvoker.invokeMethod(TestInvoker.java:584)\n\tat org.testng.internal.TestInvoker.invokeTestMethod(TestInvoker.java:172)\n\tat org.testng.internal.MethodRunner.runInSequence(MethodRunner.java:46)\n\tat org.testng.internal.TestInvoker$MethodInvocationAgent.invoke(TestInvoker.java:804)\n\tat org.testng.internal.TestInvoker.invokeTestMethods(TestInvoker.java:145)\n\tat org.testng.internal.TestMethodWorker.invokeTestMethods(TestMethodWorker.java:146)\n\tat org.testng.internal.TestMethodWorker.run(TestMethodWorker.java:128)\n\tat java.base/java.util.ArrayList.forEach(ArrayList.java:1378)\n\tat org.testng.TestRunner.privateRun(TestRunner.java:770)\n\tat org.testng.TestRunner.run(TestRunner.java:591)\n\tat org.testng.SuiteRunner.runTest(SuiteRunner.java:402)\n\tat org.testng.SuiteRunner.runSequentially(SuiteRunner.java:396)\n\tat org.testng.SuiteRunner.privateRun(SuiteRunner.java:355)\n\tat org.testng.SuiteRunner.run(SuiteRunner.java:304)\n\tat org.testng.SuiteRunnerWorker.runSuite(SuiteRunnerWorker.java:53)\n\tat org.testng.SuiteRunnerWorker.run(SuiteRunnerWorker.java:96)\n\tat org.testng.TestNG.runSuitesSequentially(TestNG.java:1180)\n\tat org.testng.TestNG.runSuitesLocally(TestNG.java:1102)\n\tat org.testng.TestNG.runSuites(TestNG.java:1032)\n\tat org.testng.TestNG.run(TestNG.java:1000)\n\tat org.apache.maven.surefire.testng.TestNGExecutor.run(TestNGExecutor.java:283)\n\tat org.apache.maven.surefire.testng.TestNGXmlTestSuite.execute(TestNGXmlTestSuite.java:75)\n\tat org.apache.maven.surefire.testng.TestNGProvider.invoke(TestNGProvider.java:120)\n\tat org.apache.maven.surefire.booter.ForkedBooter.invokeProviderInSameClassLoader(ForkedBooter.java:384)\n\tat org.apache.maven.surefire.booter.ForkedBooter.runSuitesInProcess(ForkedBooter.java:345)\n\tat org.apache.maven.surefire.booter.ForkedBooter.execute(ForkedBooter.java:126)\n\tat org.apache.maven.surefire.booter.ForkedBooter.main(ForkedBooter.java:418)\nCaused by: java.lang.IllegalAccessException: access to public member failed: java.util.Collection.stream[Ljava.lang.Object;@48d464cf/invokeSpecial, from java.util.Collection/2 (module java.base)\n\tat java.base/java.lang.invoke.MemberName.makeAccessException(MemberName.java:942)\n\tat java.base/java.lang.invoke.MethodHandles$Lookup.checkAccess(MethodHandles.java:2193)\n\tat java.base/java.lang.invoke.MethodHandles$Lookup.checkMethod(MethodHandles.java:2133)\n\tat java.base/java.lang.invoke.MethodHandles$Lookup.getDirectMethodCommon(MethodHandles.java:2282)\n\tat java.base/java.lang.invoke.MethodHandles$Lookup.getDirectMethodNoSecurityManager(MethodHandles.java:2276)\n\tat java.base/java.lang.invoke.MethodHandles$Lookup.unreflectSpecial(MethodHandles.java:1800)\n\tat io.qameta.atlas.core.internal.DefaultMethodExtension.invoke(DefaultMethodExtension.java:27)\n\tat io.qameta.atlas.core.internal.AtlasMethodHandler.invokeWithRetry(AtlasMethodHandler.java:64)\n\tat io.qameta.atlas.core.internal.AtlasMethodHandler.invoke(AtlasMethodHandler.java:40)\n\t... 39 more\n"},"stage":"finished","steps":[{"name":"Sorting list of products by 'Price: Highest first' ","status":"passed","stage":"finished","steps":[],"attachments":[],"parameters":[],"start":1592560564394,"stop":1592560564488},{"name":"Check that sorting results contain exactly «{expectedItems}»","status":"broken","statusDetails":{"known":false,"muted":false,"flaky":false,"message":"java.lang.reflect.UndeclaredThrowableException","trace":"java.lang.reflect.UndeclaredThrowableException\n\tat com.sun.proxy.$Proxy27.stream(Unknown Source)\n\tat io.qameta.atlas.webdriver.extension.ExtractMethodExtension.invoke(ExtractMethodExtension.java:35)\n\tat io.qameta.atlas.core.internal.AtlasMethodHandler.invokeWithRetry(AtlasMethodHandler.java:64)\n\tat io.qameta.atlas.core.internal.AtlasMethodHandler.invoke(AtlasMethodHandler.java:40)\n\tat com.sun.proxy.$Proxy27.extract(Unknown Source)\n\tat steps.SearchPageSteps.checkThatListOfProductsIsSortingAsExpected(SearchPageSteps.java:37)\n\tat tests.CheckWebSiteTest.checkSortingListOfProduct(CheckWebSiteTest.java:14)\n\tat java.base/jdk.internal.reflect.NativeMethodAccessorImpl.invoke0(Native Method)\n\tat java.base/jdk.internal.reflect.NativeMethodAccessorImpl.invoke(NativeMethodAccessorImpl.java:62)\n\tat java.base/jdk.internal.reflect.DelegatingMethodAccessorImpl.invoke(DelegatingMethodAccessorImpl.java:43)\n\tat java.base/java.lang.reflect.Method.invoke(Method.java:564)\n\tat org.testng.internal.MethodInvocationHelper.invokeMethod(MethodInvocationHelper.java:133)\n\tat org.testng.internal.TestInvoker.invokeMethod(TestInvoker.java:584)\n\tat org.testng.internal.TestInvoker.invokeTestMethod(TestInvoker.java:172)\n\tat org.testng.internal.MethodRunner.runInSequence(MethodRunner.java:46)\n\tat org.testng.internal.TestInvoker$MethodInvocationAgent.invoke(TestInvoker.java:804)\n\tat org.testng.internal.TestInvoker.invokeTestMethods(TestInvoker.java:145)\n\tat org.testng.internal.TestMethodWorker.invokeTestMethods(TestMethodWorker.java:146)\n\tat org.testng.internal.TestMethodWorker.run(TestMethodWorker.java:128)\n\tat java.base/java.util.ArrayList.forEach(ArrayList.java:1378)\n\tat org.testng.TestRunner.privateRun(TestRunner.java:770)\n\tat org.testng.TestRunner.run(TestRunner.java:591)\n\tat org.testng.SuiteRunner.runTest(SuiteRunner.java:402)\n\tat org.testng.SuiteRunner.runSequentially(SuiteRunner.java:396)\n\tat org.testng.SuiteRunner.privateRun(SuiteRunner.java:355)\n\tat org.testng.SuiteRunner.run(SuiteRunner.java:304)\n\tat org.testng.SuiteRunnerWorker.runSuite(SuiteRunnerWorker.java:53)\n\tat org.testng.SuiteRunnerWorker.run(SuiteRunnerWorker.java:96)\n\tat org.testng.TestNG.runSuitesSequentially(TestNG.java:1180)\n\tat org.testng.TestNG.runSuitesLocally(TestNG.java:1102)\n\tat org.testng.TestNG.runSuites(TestNG.java:1032)\n\tat org.testng.TestNG.run(TestNG.java:1000)\n\tat org.apache.maven.surefire.testng.TestNGExecutor.run(TestNGExecutor.java:283)\n\tat org.apache.maven.surefire.testng.TestNGXmlTestSuite.execute(TestNGXmlTestSuite.java:75)\n\tat org.apache.maven.surefire.testng.TestNGProvider.invoke(TestNGProvider.java:120)\n\tat org.apache.maven.surefire.booter.ForkedBooter.invokeProviderInSameClassLoader(ForkedBooter.java:384)\n\tat org.apache.maven.surefire.booter.ForkedBooter.runSuitesInProcess(ForkedBooter.java:345)\n\tat org.apache.maven.surefire.booter.ForkedBooter.execute(ForkedBooter.java:126)\n\tat org.apache.maven.surefire.booter.ForkedBooter.main(ForkedBooter.java:418)\nCaused by: java.lang.IllegalAccessException: access to public member failed: java.util.Collection.stream[Ljava.lang.Object;@48d464cf/invokeSpecial, from java.util.Collection/2 (module java.base)\n\tat java.base/java.lang.invoke.MemberName.makeAccessException(MemberName.java:942)\n\tat java.base/java.lang.invoke.MethodHandles$Lookup.checkAccess(MethodHandles.java:2193)\n\tat java.base/java.lang.invoke.MethodHandles$Lookup.checkMethod(MethodHandles.java:2133)\n\tat java.base/java.lang.invoke.MethodHandles$Lookup.getDirectMethodCommon(MethodHandles.java:2282)\n\tat java.base/java.lang.invoke.MethodHandles$Lookup.getDirectMethodNoSecurityManager(MethodHandles.java:2276)\n\tat java.base/java.lang.invoke.MethodHandles$Lookup.unreflectSpecial(MethodHandles.java:1800)\n\tat io.qameta.atlas.core.internal.DefaultMethodExtension.invoke(DefaultMethodExtension.java:27)\n\tat io.qameta.atlas.core.internal.AtlasMethodHandler.invokeWithRetry(AtlasMethodHandler.java:64)\n\tat io.qameta.atlas.core.internal.AtlasMethodHandler.invoke(AtlasMethodHandler.java:40)\n\t... 39 more\n"},"stage":"finished","steps":[],"attachments":[],"parameters":[],"start":1592560564488,"stop":1592560569516}],"attachments":[],"parameters":[{"name":"browser","value":"Safari"}],"start":1592560564394,"stop":1592560569516,"uuid":"abbeb74b-4be3-45a4-8712-736a63231cfe","historyId":"12415bcdb2d921a07f432aa70eebfc4d","fullName":"tests.CheckWebSiteTest.checkSortingListOfProduct","labels":[{"name":"package","value":"tests.CheckWebSiteTest"},{"name":"testClass","value":"tests.CheckWebSiteTest"},{"name":"testMethod","value":"checkSortingListOfProduct"},{"name":"parentSuite","value":"tests.CheckWebSiteTest"},{"name":"suite","value":"SafariTests"},{"name":"subSuite","value":"tests.CheckWebSiteTest"},{"name":"host","value":"mabooks-MacBook-Air.local"},{"name":"thread","value":"1076@mabooks-MacBook-Air.local.main(1)"},{"name":"framework","value":"testng"},{"name":"language","value":"java"}],"links":[]}