{"name":"checkAddingProductToCart","status":"broken","statusDetails":{"known":false,"muted":false,"flaky":false,"message":"\nExpected: the web element is presented on web page \n     but: Expected: <true> - instead got: <false>\nBuild info: version: '3.141.59', revision: 'e82be7d358', time: '2018-11-14T08:17:03'\nSystem info: host: 'mabooks-MacBook-Air.local', ip: 'fe80:0:0:0:189c:1f93:668d:5ec%en0', os.name: 'Mac OS X', os.arch: 'x86_64', os.version: '10.15.5', java.version: '10.0.2'\nDriver info: driver.version: unknown","trace":"io.qameta.atlas.webdriver.exception.WaitUntilException: \nExpected: the web element is presented on web page \n     but: Expected: <true> - instead got: <false>\nBuild info: version: '3.141.59', revision: 'e82be7d358', time: '2018-11-14T08:17:03'\nSystem info: host: 'mabooks-MacBook-Air.local', ip: 'fe80:0:0:0:189c:1f93:668d:5ec%en0', os.name: 'Mac OS X', os.arch: 'x86_64', os.version: '10.15.5', java.version: '10.0.2'\nDriver info: driver.version: unknown\n\tat io.qameta.atlas.webdriver.extension.WaitUntilMethodExtension.invoke(WaitUntilMethodExtension.java:40)\n\tat io.qameta.atlas.core.internal.AtlasMethodHandler.invokeWithRetry(AtlasMethodHandler.java:64)\n\tat io.qameta.atlas.core.internal.AtlasMethodHandler.invoke(AtlasMethodHandler.java:40)\n\tat com.sun.proxy.$Proxy29.waitUntil(Unknown Source)\n\tat steps.SearchPageSteps.openCartPage(SearchPageSteps.java:66)\n\tat tests.CheckWebSiteTest.checkAddingProductToCart(CheckWebSiteTest.java:23)\n\tat java.base/jdk.internal.reflect.NativeMethodAccessorImpl.invoke0(Native Method)\n\tat java.base/jdk.internal.reflect.NativeMethodAccessorImpl.invoke(NativeMethodAccessorImpl.java:62)\n\tat java.base/jdk.internal.reflect.DelegatingMethodAccessorImpl.invoke(DelegatingMethodAccessorImpl.java:43)\n\tat java.base/java.lang.reflect.Method.invoke(Method.java:564)\n\tat org.testng.internal.MethodInvocationHelper.invokeMethod(MethodInvocationHelper.java:133)\n\tat org.testng.internal.TestInvoker.invokeMethod(TestInvoker.java:584)\n\tat org.testng.internal.TestInvoker.invokeTestMethod(TestInvoker.java:172)\n\tat org.testng.internal.MethodRunner.runInSequence(MethodRunner.java:46)\n\tat org.testng.internal.TestInvoker$MethodInvocationAgent.invoke(TestInvoker.java:804)\n\tat org.testng.internal.TestInvoker.invokeTestMethods(TestInvoker.java:145)\n\tat org.testng.internal.TestMethodWorker.invokeTestMethods(TestMethodWorker.java:146)\n\tat org.testng.internal.TestMethodWorker.run(TestMethodWorker.java:128)\n\tat java.base/java.util.ArrayList.forEach(ArrayList.java:1378)\n\tat org.testng.TestRunner.privateRun(TestRunner.java:770)\n\tat org.testng.TestRunner.run(TestRunner.java:591)\n\tat org.testng.SuiteRunner.runTest(SuiteRunner.java:402)\n\tat org.testng.SuiteRunner.runSequentially(SuiteRunner.java:396)\n\tat org.testng.SuiteRunner.privateRun(SuiteRunner.java:355)\n\tat org.testng.SuiteRunner.run(SuiteRunner.java:304)\n\tat org.testng.SuiteRunnerWorker.runSuite(SuiteRunnerWorker.java:53)\n\tat org.testng.SuiteRunnerWorker.run(SuiteRunnerWorker.java:96)\n\tat org.testng.TestNG.runSuitesSequentially(TestNG.java:1180)\n\tat org.testng.TestNG.runSuitesLocally(TestNG.java:1102)\n\tat org.testng.TestNG.runSuites(TestNG.java:1032)\n\tat org.testng.TestNG.run(TestNG.java:1000)\n\tat org.apache.maven.surefire.testng.TestNGExecutor.run(TestNGExecutor.java:283)\n\tat org.apache.maven.surefire.testng.TestNGXmlTestSuite.execute(TestNGXmlTestSuite.java:75)\n\tat org.apache.maven.surefire.testng.TestNGProvider.invoke(TestNGProvider.java:120)\n\tat org.apache.maven.surefire.booter.ForkedBooter.invokeProviderInSameClassLoader(ForkedBooter.java:384)\n\tat org.apache.maven.surefire.booter.ForkedBooter.runSuitesInProcess(ForkedBooter.java:345)\n\tat org.apache.maven.surefire.booter.ForkedBooter.execute(ForkedBooter.java:126)\n\tat org.apache.maven.surefire.booter.ForkedBooter.main(ForkedBooter.java:418)\n"},"stage":"finished","steps":[{"name":"Saving name of first product in listening","status":"passed","stage":"finished","steps":[],"attachments":[],"parameters":[],"start":1592561060447,"stop":1592561060486},{"name":"Saving price of first product in listening","status":"passed","stage":"finished","steps":[],"attachments":[],"parameters":[],"start":1592561060486,"stop":1592561060506},{"name":"Move mouse on product container to 'Add to cart' button is displayed ","status":"passed","stage":"finished","steps":[],"attachments":[],"parameters":[],"start":1592561060507,"stop":1592561060625},{"name":"Click on 'Add to cart' button ","status":"passed","stage":"finished","steps":[],"attachments":[],"parameters":[],"start":1592561060626,"stop":1592561060676},{"name":"Open cart page via 'Proceed to checkout' button on popup","status":"broken","statusDetails":{"known":false,"muted":false,"flaky":false,"message":"\nExpected: the web element is presented on web page \n     but: Expected: <true> - instead got: <false>\nBuild info: version: '3.141.59', revision: 'e82be7d358', time: '2018-11-14T08:17:03'\nSystem info: host: 'mabooks-MacBook-Air.local', ip: 'fe80:0:0:0:189c:1f93:668d:5ec%en0', os.name: 'Mac OS X', os.arch: 'x86_64', os.version: '10.15.5', java.version: '10.0.2'\nDriver info: driver.version: unknown","trace":"io.qameta.atlas.webdriver.exception.WaitUntilException: \nExpected: the web element is presented on web page \n     but: Expected: <true> - instead got: <false>\nBuild info: version: '3.141.59', revision: 'e82be7d358', time: '2018-11-14T08:17:03'\nSystem info: host: 'mabooks-MacBook-Air.local', ip: 'fe80:0:0:0:189c:1f93:668d:5ec%en0', os.name: 'Mac OS X', os.arch: 'x86_64', os.version: '10.15.5', java.version: '10.0.2'\nDriver info: driver.version: unknown\n\tat io.qameta.atlas.webdriver.extension.WaitUntilMethodExtension.invoke(WaitUntilMethodExtension.java:40)\n\tat io.qameta.atlas.core.internal.AtlasMethodHandler.invokeWithRetry(AtlasMethodHandler.java:64)\n\tat io.qameta.atlas.core.internal.AtlasMethodHandler.invoke(AtlasMethodHandler.java:40)\n\tat com.sun.proxy.$Proxy29.waitUntil(Unknown Source)\n\tat steps.SearchPageSteps.openCartPage(SearchPageSteps.java:66)\n\tat tests.CheckWebSiteTest.checkAddingProductToCart(CheckWebSiteTest.java:23)\n\tat java.base/jdk.internal.reflect.NativeMethodAccessorImpl.invoke0(Native Method)\n\tat java.base/jdk.internal.reflect.NativeMethodAccessorImpl.invoke(NativeMethodAccessorImpl.java:62)\n\tat java.base/jdk.internal.reflect.DelegatingMethodAccessorImpl.invoke(DelegatingMethodAccessorImpl.java:43)\n\tat java.base/java.lang.reflect.Method.invoke(Method.java:564)\n\tat org.testng.internal.MethodInvocationHelper.invokeMethod(MethodInvocationHelper.java:133)\n\tat org.testng.internal.TestInvoker.invokeMethod(TestInvoker.java:584)\n\tat org.testng.internal.TestInvoker.invokeTestMethod(TestInvoker.java:172)\n\tat org.testng.internal.MethodRunner.runInSequence(MethodRunner.java:46)\n\tat org.testng.internal.TestInvoker$MethodInvocationAgent.invoke(TestInvoker.java:804)\n\tat org.testng.internal.TestInvoker.invokeTestMethods(TestInvoker.java:145)\n\tat org.testng.internal.TestMethodWorker.invokeTestMethods(TestMethodWorker.java:146)\n\tat org.testng.internal.TestMethodWorker.run(TestMethodWorker.java:128)\n\tat java.base/java.util.ArrayList.forEach(ArrayList.java:1378)\n\tat org.testng.TestRunner.privateRun(TestRunner.java:770)\n\tat org.testng.TestRunner.run(TestRunner.java:591)\n\tat org.testng.SuiteRunner.runTest(SuiteRunner.java:402)\n\tat org.testng.SuiteRunner.runSequentially(SuiteRunner.java:396)\n\tat org.testng.SuiteRunner.privateRun(SuiteRunner.java:355)\n\tat org.testng.SuiteRunner.run(SuiteRunner.java:304)\n\tat org.testng.SuiteRunnerWorker.runSuite(SuiteRunnerWorker.java:53)\n\tat org.testng.SuiteRunnerWorker.run(SuiteRunnerWorker.java:96)\n\tat org.testng.TestNG.runSuitesSequentially(TestNG.java:1180)\n\tat org.testng.TestNG.runSuitesLocally(TestNG.java:1102)\n\tat org.testng.TestNG.runSuites(TestNG.java:1032)\n\tat org.testng.TestNG.run(TestNG.java:1000)\n\tat org.apache.maven.surefire.testng.TestNGExecutor.run(TestNGExecutor.java:283)\n\tat org.apache.maven.surefire.testng.TestNGXmlTestSuite.execute(TestNGXmlTestSuite.java:75)\n\tat org.apache.maven.surefire.testng.TestNGProvider.invoke(TestNGProvider.java:120)\n\tat org.apache.maven.surefire.booter.ForkedBooter.invokeProviderInSameClassLoader(ForkedBooter.java:384)\n\tat org.apache.maven.surefire.booter.ForkedBooter.runSuitesInProcess(ForkedBooter.java:345)\n\tat org.apache.maven.surefire.booter.ForkedBooter.execute(ForkedBooter.java:126)\n\tat org.apache.maven.surefire.booter.ForkedBooter.main(ForkedBooter.java:418)\n"},"stage":"finished","steps":[],"attachments":[],"parameters":[],"start":1592561060676,"stop":1592561065981}],"attachments":[],"parameters":[{"name":"browser","value":"Safari"}],"start":1592561060446,"stop":1592561065982,"uuid":"ea7dede2-ca8b-43ad-a33b-1a83a7bca2e0","historyId":"c451ab9aac548453363be3d3ae8233d9","fullName":"tests.CheckWebSiteTest.checkAddingProductToCart","labels":[{"name":"package","value":"tests.CheckWebSiteTest"},{"name":"testClass","value":"tests.CheckWebSiteTest"},{"name":"testMethod","value":"checkAddingProductToCart"},{"name":"parentSuite","value":"tests.CheckWebSiteTest"},{"name":"suite","value":"SafariTests"},{"name":"subSuite","value":"tests.CheckWebSiteTest"},{"name":"host","value":"mabooks-MacBook-Air.local"},{"name":"thread","value":"1449@mabooks-MacBook-Air.local.main(1)"},{"name":"framework","value":"testng"},{"name":"language","value":"java"}],"links":[]}